<?xml version="1.0" encoding="UTF-8" ?>
<testsuite tests="6" failures="0" name="br.com.fernantech.brewer.session.TabelaItensVendaTest" time="0.014" errors="0" skipped="0">
  <properties>
[...]
</properties>
  <testcase classname="br.com.fernantech.brewer.session.TabelaItensVendaTest" name="deveCalcularValorTotalSemItens" time="0.006"/>
  <testcase classname="br.com.fernantech.brewer.session.TabelaItensVendaTest" name="deveAlterarQuantidadeDoItem" time="0.002"/>
  <testcase classname="br.com.fernantech.brewer.session.TabelaItensVendaTest" name="deveCalcularValorTotalComUmItem" time="0"/>
  <testcase classname="br.com.fernantech.brewer.session.TabelaItensVendaTest" name="deveExcluirItem" time="0.005"/>
  <testcase classname="br.com.fernantech.brewer.session.TabelaItensVendaTest" name="deveCalcularValorTotalComVariosItens" time="0.001"/>
  <testcase classname="br.com.fernantech.brewer.session.TabelaItensVendaTest" name="deveManterTamanhoDaListaParaMesmasCervejas" time="0"/>
</testsuite>